dispci.dll:  ============BEGIN DisplayClassInstaller============
dispci.dll:  ============BEGIN OnSelectBestCompatDrv============
dispci.dll:  ============END OnSelectBestCompatDrv==============
dispci.dll:  DisplayClassInstaller: Returning 0xe000020e for DIF 0x17 and device PCI\VEN_1002&DEV_515E&SUBSYS_01E61028&REV_02\4&1FC3087&0&28F0
dispci.dll:  ============END DisplayClassInstaller==============
dispci.dll:  ============BEGIN DisplayClassInstaller============
dispci.dll:  ============BEGIN OnDestroyPrivateData============
dispci.dll:  ============END OnDestroyPrivateData==============
dispci.dll:  DisplayClassInstaller: Returning 0xe000020e for DIF 0xc and device PCI\VEN_1002&DEV_515E&SUBSYS_01E61028&REV_02\4&1FC3087&0&28F0
dispci.dll:  ============END DisplayClassInstaller==============
dispci.dll:  ============BEGIN DisplayClassInstaller============
dispci.dll:  ============BEGIN OnAllowInstall============
dispci.dll:  DispCIIsDriverInstallAllowed: Driver package contains a feature score 0xfe
dispci.dll:  ============END OnAllowInstall==============
dispci.dll:  DisplayClassInstaller: Returning 0xe000020e for DIF 0x18 and device PCI\VEN_1002&DEV_515E&SUBSYS_01E61028&REV_02\4&1FC3087&0&28F0
dispci.dll:  ============END DisplayClassInstaller==============
dispci.dll:  ============BEGIN DisplayClassInstaller============
dispci.dll:  ============BEGIN OnInstallDeviceFiles============
dispci.dll:  ============END OnInstallDeviceFiles==============
dispci.dll:  DisplayClassInstaller: Returning 0xe000020e for DIF 0x15 and device PCI\VEN_1002&DEV_515E&SUBSYS_01E61028&REV_02\4&1FC3087&0&28F0
dispci.dll:  ============END DisplayClassInstaller==============
dispci.dll:  ============BEGIN DisplayClassInstaller============
dispci.dll:  DisplayClassInstaller: Unrecognized DIF request 0x410031
dispci.dll:  ============END DisplayClassInstaller==============
dispci.dll:  ============BEGIN DisplayClassInstaller============
dispci.dll:  DisplayClassInstaller: Unrecognized DIF request 0x410031
dispci.dll:  ============END DisplayClassInstaller==============
dispci.dll:  ============BEGIN DisplayClassInstaller============
dispci.dll:  DispCIIsDriverInstallAllowed: Driver package contains a feature score 0xfe
dispci.dll:  ============BEGIN OnInstallDevice============
dispci.dll:  DispCIIsDeviceCompatibleWithHighResolutionBoot: Found high resolution boot incomaptible hardware DispCIIsDeviceCompatibleWithHighResolutionBoot
dispci.dll:  DispCISetServiceStartType: No change to the service start required
dispci.dll:  ============END OnInstallDevice==============
dispci.dll:  DisplayClassInstaller: Returning 0x00000000 for DIF 0x2 and device PCI\VEN_1002&DEV_515E&SUBSYS_01E61028&REV_02\4&1FC3087&0&28F0
dispci.dll:  ============END DisplayClassInstaller==============
dispci.dll:  ============BEGIN DisplayClassInstaller============
dispci.dll:  DisplayClassInstaller: Unrecognized DIF request 0x410031
dispci.dll:  ============END DisplayClassInstaller==============
dispci.dll:  ============BEGIN DisplayClassInstaller============
dispci.dll:  ============BEGIN OnDestroyPrivateData============
dispci.dll:  ============END OnDestroyPrivateData==============
dispci.dll:  DisplayClassInstaller: Returning 0xe000020e for DIF 0xc and device PCI\VEN_1002&DEV_515E&SUBSYS_01E61028&REV_02\4&1FC3087&0&28F0
dispci.dll:  ============END DisplayClassInstaller==============
montr_ci.dll:  DIF_SELECTBESTCOMPATDRV
montr_ci.dll:  Returning 0xe000020e for function 0x17 and device DISPLAY\DEFAULT_MONITOR\5&2DCF5EAB&0&12345678&06&05.
montr_ci.dll:  DIF_DESTROYPRIVATEDATA
montr_ci.dll:  Returning 0xe000020e for function 0xc and device DISPLAY\DEFAULT_MONITOR\5&2DCF5EAB&0&12345678&06&05.
montr_ci.dll:  DIF_ALLOW_INSTALL
montr_ci.dll:  Returning 0xe000020e for function 0x18 and device DISPLAY\DEFAULT_MONITOR\5&2DCF5EAB&0&12345678&06&05.
montr_ci.dll:  DIF_INSTALLDEVICEFILES
montr_ci.dll:  Retrieving driver details....
montr_ci.dll:  Returning 0xe000020e for function 0x15 and device DISPLAY\DEFAULT_MONITOR\5&2DCF5EAB&0&12345678&06&05.
montr_ci.dll:  DIF_REGISTER_COINSTALLERS
montr_ci.dll:  Returning 0xe000020e for function 0x22 and device DISPLAY\DEFAULT_MONITOR\5&2DCF5EAB&0&12345678&06&05.
montr_ci.dll:  DIF_INSTALLINTERFACES
montr_ci.dll:  Returning 0xe000020e for function 0x20 and device DISPLAY\DEFAULT_MONITOR\5&2DCF5EAB&0&12345678&06&05.
montr_ci.dll:  DIF_INSTALLDEVICE
montr_ci.dll:  ============BEGIN OnInstallMonitorDevice============
montr_ci.dll:  Retrieving driver details....
montr_ci.dll:  ============END OnInstallMonitorDevice============
montr_ci.dll:  Returning 0xe000020e for function 0x2 and device DISPLAY\DEFAULT_MONITOR\5&2DCF5EAB&0&12345678&06&05.
montr_ci.dll:  DIF_NEWDEVICEWIZARD_FINISHINSTALL
montr_ci.dll:  Returning 0xe000020e for function 0x1e and device DISPLAY\DEFAULT_MONITOR\5&2DCF5EAB&0&12345678&06&05.
montr_ci.dll:  DIF_DESTROYPRIVATEDATA
montr_ci.dll:  Returning 0xe000020e for function 0xc and device DISPLAY\DEFAULT_MONITOR\5&2DCF5EAB&0&12345678&06&05.
Input Install: Not a PS2 device.
Input Install: Not a PS2 device.
dispci.dll:  ============BEGIN DisplayClassInstaller============
dispci.dll:  DisplayClassInstaller: Unrecognized DIF request 0xe30001
dispci.dll:  ============END DisplayClassInstaller==============
montr_ci.dll:  MonitorClassInstaller: Unrecognized DIF request
montr_ci.dll:  Returning 0xe000020e for function 0x6.
dispci.dll:  ============BEGIN DisplayClassInstaller============
dispci.dll:  DisplayClassInstaller: Returning 0xe000020e for DIF 0xc
dispci.dll:  ============END DisplayClassInstaller==============
montr_ci.dll:  DIF_DESTROYPRIVATEDATA
montr_ci.dll:  Returning 0xe000020e for function 0xc.
AudMig: No audio endpoint migration settings found 0x2
AudMig: No audio endpoint migration settings found 0x2
dispci.dll:  ============BEGIN DisplayClassInstaller============
dispci.dll:  ============BEGIN OnSelectBestCompatDrv============
dispci.dll:  ============END OnSelectBestCompatDrv==============
dispci.dll:  DisplayClassInstaller: Returning 0xe000020e for DIF 0x17 and device PCI\VEN_1002&DEV_515E&SUBSYS_01E61028&REV_02\4&2E5A831D&0&28F0
dispci.dll:  ============END DisplayClassInstaller==============
dispci.dll:  ============BEGIN DisplayClassInstaller============
dispci.dll:  ============BEGIN OnDestroyPrivateData============
dispci.dll:  ============END OnDestroyPrivateData==============
dispci.dll:  DisplayClassInstaller: Returning 0xe000020e for DIF 0xc and device PCI\VEN_1002&DEV_515E&SUBSYS_01E61028&REV_02\4&2E5A831D&0&28F0
dispci.dll:  ============END DisplayClassInstaller==============
dispci.dll:  ============BEGIN DisplayClassInstaller============
dispci.dll:  ============BEGIN OnAllowInstall============
dispci.dll:  DispCIIsDriverInstallAllowed: Driver package contains a feature score 0xfe
dispci.dll:  ============END OnAllowInstall==============
dispci.dll:  DisplayClassInstaller: Returning 0xe000020e for DIF 0x18 and device PCI\VEN_1002&DEV_515E&SUBSYS_01E61028&REV_02\4&2E5A831D&0&28F0
dispci.dll:  ============END DisplayClassInstaller==============
dispci.dll:  ============BEGIN DisplayClassInstaller============
dispci.dll:  ============BEGIN OnInstallDeviceFiles============
dispci.dll:  ============END OnInstallDeviceFiles==============
dispci.dll:  DisplayClassInstaller: Returning 0xe000020e for DIF 0x15 and device PCI\VEN_1002&DEV_515E&SUBSYS_01E61028&REV_02\4&2E5A831D&0&28F0
dispci.dll:  ============END DisplayClassInstaller==============
dispci.dll:  ============BEGIN DisplayClassInstaller============
dispci.dll:  DisplayClassInstaller: Unrecognized DIF request 0x410015
dispci.dll:  ============END DisplayClassInstaller==============
dispci.dll:  ============BEGIN DisplayClassInstaller============
dispci.dll:  DisplayClassInstaller: Unrecognized DIF request 0x410015
dispci.dll:  ============END DisplayClassInstaller==============
dispci.dll:  ============BEGIN DisplayClassInstaller============
dispci.dll:  DispCIIsDriverInstallAllowed: Driver package contains a feature score 0xfe
dispci.dll:  ============BEGIN OnInstallDevice============
dispci.dll:  DispCIIsDeviceCompatibleWithHighResolutionBoot: Found high resolution boot incomaptible hardware DispCIIsDeviceCompatibleWithHighResolutionBoot
dispci.dll:  DispCISetServiceStartType: No change to the service start required
dispci.dll:  ============END OnInstallDevice==============
dispci.dll:  DisplayClassInstaller: Returning 0x00000000 for DIF 0x2 and device PCI\VEN_1002&DEV_515E&SUBSYS_01E61028&REV_02\4&2E5A831D&0&28F0
dispci.dll:  ============END DisplayClassInstaller==============
dispci.dll:  ============BEGIN DisplayClassInstaller============
dispci.dll:  DisplayClassInstaller: Unrecognized DIF request 0x410015
dispci.dll:  ============END DisplayClassInstaller==============
dispci.dll:  ============BEGIN DisplayClassInstaller============
dispci.dll:  ============BEGIN OnDestroyPrivateData============
dispci.dll:  ============END OnDestroyPrivateData==============
dispci.dll:  DisplayClassInstaller: Returning 0xe000020e for DIF 0xc and device PCI\VEN_1002&DEV_515E&SUBSYS_01E61028&REV_02\4&2E5A831D&0&28F0
dispci.dll:  ============END DisplayClassInstaller==============
montr_ci.dll:  DIF_SELECTBESTCOMPATDRV
montr_ci.dll:  Returning 0xe000020e for function 0x17 and device DISPLAY\DEFAULT_MONITOR\5&2FAB8E39&0&12345678&06&05.
montr_ci.dll:  DIF_DESTROYPRIVATEDATA
montr_ci.dll:  Returning 0xe000020e for function 0xc and device DISPLAY\DEFAULT_MONITOR\5&2FAB8E39&0&12345678&06&05.
montr_ci.dll:  DIF_ALLOW_INSTALL
montr_ci.dll:  Returning 0xe000020e for function 0x18 and device DISPLAY\DEFAULT_MONITOR\5&2FAB8E39&0&12345678&06&05.
montr_ci.dll:  DIF_INSTALLDEVICEFILES
montr_ci.dll:  Retrieving driver details....
montr_ci.dll:  Returning 0xe000020e for function 0x15 and device DISPLAY\DEFAULT_MONITOR\5&2FAB8E39&0&12345678&06&05.
montr_ci.dll:  DIF_REGISTER_COINSTALLERS
montr_ci.dll:  Returning 0xe000020e for function 0x22 and device DISPLAY\DEFAULT_MONITOR\5&2FAB8E39&0&12345678&06&05.
montr_ci.dll:  DIF_INSTALLINTERFACES
montr_ci.dll:  Returning 0xe000020e for function 0x20 and device DISPLAY\DEFAULT_MONITOR\5&2FAB8E39&0&12345678&06&05.
montr_ci.dll:  DIF_INSTALLDEVICE
montr_ci.dll:  ============BEGIN OnInstallMonitorDevice============
montr_ci.dll:  Retrieving driver details....
montr_ci.dll:  ============END OnInstallMonitorDevice============
montr_ci.dll:  Returning 0xe000020e for function 0x2 and device DISPLAY\DEFAULT_MONITOR\5&2FAB8E39&0&12345678&06&05.
montr_ci.dll:  DIF_NEWDEVICEWIZARD_FINISHINSTALL
montr_ci.dll:  Returning 0xe000020e for function 0x1e and device DISPLAY\DEFAULT_MONITOR\5&2FAB8E39&0&12345678&06&05.
montr_ci.dll:  DIF_DESTROYPRIVATEDATA
montr_ci.dll:  Returning 0xe000020e for function 0xc and device DISPLAY\DEFAULT_MONITOR\5&2FAB8E39&0&12345678&06&05.
Input Install: Not a PS2 device.
Input Install: Not a PS2 device.
dispci.dll:  ============BEGIN DisplayClassInstaller============
dispci.dll:  DisplayClassInstaller: Unrecognized DIF request 0xa
dispci.dll:  ============END DisplayClassInstaller==============
montr_ci.dll:  MonitorClassInstaller: Unrecognized DIF request
montr_ci.dll:  Returning 0xe000020e for function 0x6.
dispci.dll:  ============BEGIN DisplayClassInstaller============
dispci.dll:  DisplayClassInstaller: Returning 0xe000020e for DIF 0xc
dispci.dll:  ============END DisplayClassInstaller==============
montr_ci.dll:  DIF_DESTROYPRIVATEDATA
montr_ci.dll:  Returning 0xe000020e for function 0xc.
AudMig: No audio endpoint migration settings found 0x2
AudMig: No audio endpoint migration settings found 0x2
AudMig: No audio endpoint migration settings found 0x2
AudMig: No audio endpoint migration settings found 0x2
AudMig: No audio endpoint migration settings found 0x2
AudMig: No audio endpoint migration settings found 0x2
2018-05-20 19:19:02, Info                  CBS    Starting TrustedInstaller initialization.
2018-05-20 19:19:03, Info                  CBS    Loaded Servicing Stack v6.1.7601.17514 with Core: C:\Windows\winsxs\amd64_microsoft-windows-servicingstack_31bf3856ad364e35_6.1.7601.17514_none_678566b7ddea04a5\cbscore.dll
2018-05-20 19:19:04, Info                  CSI    00000001@2018/5/21:02:19:04.378 WcpInitialize (wcp.dll version 0.0.0.6) called (stack @0x7fefae7e94d @0x7fefb389839 @0x7fefb3534d3 @0xffcde97c @0xffcdd799 @0xffcddb2f)
2018-05-20 19:19:04, Info                  CSI    00000002@2018/5/21:02:19:04.566 WcpInitialize (wcp.dll version 0.0.0.6) called (stack @0x7fefae7e94d @0x7fefb3d6806 @0x7fefb3a2a9c @0x7fefb3535a9 @0xffcde97c @0xffcdd799)
2018-05-20 19:19:04, Info                  CBS    SQM: Initializing online with Windows opt-in: False
2018-05-20 19:19:04, Info                  CBS    SQM: Cleaning up report files older than 10 days.
2018-05-20 19:19:04, Info                  CBS    SQM: Requesting upload of all unsent reports.
2018-05-20 19:19:04, Info                  CBS    SQM: Failed to start upload with file pattern: C:\Windows\servicing\sqm\*_std.sqm, flags: 0x2 [HRESULT = 0x80004005 - E_FAIL]
2018-05-20 19:19:04, Info                  CBS    SQM: Failed to start standard sample upload. [HRESULT = 0x80004005 - E_FAIL]
2018-05-20 19:19:04, Info                  CBS    SQM: Failed to start upload with file pattern: C:\Windows\servicing\sqm\*_all.sqm, flags: 0x6 [HRESULT = 0x80004005 - E_FAIL]
2018-05-20 19:19:04, Info                  CBS    SQM: Failed to start always sample upload. [HRESULT = 0x80004005 - E_FAIL]
2018-05-20 19:19:04, Info                  CBS    SQM: Warning: Failed to upload all unsent reports. [HRESULT = 0x80004005 - E_FAIL]
2018-05-20 19:19:04, Info                  CSI    00000003@2018/5/21:02:19:04.706 WcpInitialize (wcp.dll version 0.0.0.6) called (stack @0x7fefae7e94d @0x7fefaa68728 @0x7fefaa68856 @0xffcde474 @0xffcdd7de @0xffcddb2f)
2018-05-20 19:19:04, Info                  CBS    Ending TrustedInstaller initialization.
2018-05-20 19:19:04, Info                  CBS    Starting the TrustedInstaller main loop.
2018-05-20 19:19:04, Info                  CBS    TrustedInstaller service starts successfully.
2018-05-20 19:19:04, Info                  CBS    Setup in progress, aborting startup processing checks.
2018-05-20 19:19:04, Info                  CBS    Startup processing thread terminated normally
dispci.dll:  ============BEGIN DisplayClassInstaller============
dispci.dll:  ============BEGIN OnSelectBestCompatDrv============
dispci.dll:  ============END OnSelectBestCompatDrv==============
dispci.dll:  DisplayClassInstaller: Returning 0xe000020e for DIF 0x17 and device PCI\VEN_1002&DEV_9874&SUBSYS_06BD1028&REV_C5\3&11583659&0&08
dispci.dll:  ============END DisplayClassInstaller==============
dispci.dll:  ============BEGIN DisplayClassInstaller============
dispci.dll:  ============BEGIN OnDestroyPrivateData============
dispci.dll:  ============END OnDestroyPrivateData==============
dispci.dll:  DisplayClassInstaller: Returning 0xe000020e for DIF 0xc and device PCI\VEN_1002&DEV_9874&SUBSYS_06BD1028&REV_C5\3&11583659&0&08
dispci.dll:  ============END DisplayClassInstaller==============
dispci.dll:  ============BEGIN DisplayClassInstaller============
dispci.dll:  ============BEGIN OnAllowInstall============
dispci.dll:  DispCIIsDriverInstallAllowed: Driver package contains a feature score 0xfe
dispci.dll:  ============END OnAllowInstall==============
dispci.dll:  DisplayClassInstaller: Returning 0xe000020e for DIF 0x18 and device PCI\VEN_1002&DEV_9874&SUBSYS_06BD1028&REV_C5\3&11583659&0&08
dispci.dll:  ============END DisplayClassInstaller==============
dispci.dll:  ============BEGIN DisplayClassInstaller============
dispci.dll:  ============BEGIN OnInstallDeviceFiles============
dispci.dll:  ============END OnInstallDeviceFiles==============
dispci.dll:  DisplayClassInstaller: Returning 0xe000020e for DIF 0x15 and device PCI\VEN_1002&DEV_9874&SUBSYS_06BD1028&REV_C5\3&11583659&0&08
dispci.dll:  ============END DisplayClassInstaller==============
dispci.dll:  ============BEGIN DisplayClassInstaller============
dispci.dll:  DisplayClassInstaller: Unrecognized DIF request 0x410031
dispci.dll:  ============END DisplayClassInstaller==============
dispci.dll:  ============BEGIN DisplayClassInstaller============
dispci.dll:  DisplayClassInstaller: Unrecognized DIF request 0x410031
dispci.dll:  ============END DisplayClassInstaller==============
dispci.dll:  ============BEGIN DisplayClassInstaller============
dispci.dll:  DispCIIsDriverInstallAllowed: Driver package contains a feature score 0xfe
dispci.dll:  ============BEGIN OnInstallDevice============
dispci.dll:  DispCIIsDeviceCompatibleWithHighResolutionBoot: Found high resolution boot incomaptible hardware DispCIIsDeviceCompatibleWithHighResolutionBoot
dispci.dll:  DispCISetServiceStartType: No change to the service start required
dispci.dll:  ============END OnInstallDevice==============
dispci.dll:  DisplayClassInstaller: Returning 0x00000000 for DIF 0x2 and device PCI\VEN_1002&DEV_9874&SUBSYS_06BD1028&REV_C5\3&11583659&0&08
dispci.dll:  ============END DisplayClassInstaller==============
dispci.dll:  ============BEGIN DisplayClassInstaller============
dispci.dll:  DisplayClassInstaller: Unrecognized DIF request 0x410031
dispci.dll:  ============END DisplayClassInstaller==============
dispci.dll:  ============BEGIN DisplayClassInstaller============
dispci.dll:  ============BEGIN OnDestroyPrivateData============
dispci.dll:  ============END OnDestroyPrivateData==============
dispci.dll:  DisplayClassInstaller: Returning 0xe000020e for DIF 0xc and device PCI\VEN_1002&DEV_9874&SUBSYS_06BD1028&REV_C5\3&11583659&0&08
dispci.dll:  ============END DisplayClassInstaller==============
AudMig: Applying saved Audio settings
AudMig: No migration information found, skipping migration 0x2
AudMig: No audio endpoint migration settings found 0x2
AudMig: Applying saved Audio settings
AudMig: No audio endpoint migration settings found 0x2
AudMig: No migration information found, skipping migration 0x2
AudMig: No audio endpoint migration settings found 0x2
AudMig: No audio endpoint migration settings found 0x2
AudMig: No audio endpoint migration settings found 0x2
AudMig: No audio endpoint migration settings found 0x2
AudMig: Applying saved Audio settings
AudMig: No migration information found, skipping migration 0x2
AudMig: Applying saved Audio settings
AudMig: No migration information found, skipping migration 0x2
AudMig: Applying saved Audio settings
AudMig: No migration information found, skipping migration 0x2
AudMig: Applying saved Audio settings
AudMig: No migration information found, skipping migration 0x2
AudMig: Applying saved Audio settings
AudMig: No migration information found, skipping migration 0x2
AudMig: Applying saved Audio settings
AudMig: No migration information found, skipping migration 0x2
montr_ci.dll:  DIF_SELECTBESTCOMPATDRV
montr_ci.dll:  Returning 0xe000020e for function 0x17 and device DISPLAY\SDC280F\4&14B0FD96&0&12345678&00&01.
montr_ci.dll:  DIF_DESTROYPRIVATEDATA
montr_ci.dll:  Returning 0xe000020e for function 0xc and device DISPLAY\SDC280F\4&14B0FD96&0&12345678&00&01.
montr_ci.dll:  DIF_ALLOW_INSTALL
montr_ci.dll:  Returning 0xe000020e for function 0x18 and device DISPLAY\SDC280F\4&14B0FD96&0&12345678&00&01.
montr_ci.dll:  DIF_INSTALLDEVICEFILES
montr_ci.dll:  Retrieving driver details....
montr_ci.dll:  Returning 0xe000020e for function 0x15 and device DISPLAY\SDC280F\4&14B0FD96&0&12345678&00&01.
montr_ci.dll:  DIF_REGISTER_COINSTALLERS
montr_ci.dll:  Returning 0xe000020e for function 0x22 and device DISPLAY\SDC280F\4&14B0FD96&0&12345678&00&01.
montr_ci.dll:  DIF_INSTALLINTERFACES
montr_ci.dll:  Returning 0xe000020e for function 0x20 and device DISPLAY\SDC280F\4&14B0FD96&0&12345678&00&01.
montr_ci.dll:  DIF_INSTALLDEVICE
montr_ci.dll:  ============BEGIN OnInstallMonitorDevice============
montr_ci.dll:  Retrieving driver details....
montr_ci.dll:  ============END OnInstallMonitorDevice============
montr_ci.dll:  Returning 0xe000020e for function 0x2 and device DISPLAY\SDC280F\4&14B0FD96&0&12345678&00&01.
montr_ci.dll:  DIF_NEWDEVICEWIZARD_FINISHINSTALL
montr_ci.dll:  Returning 0xe000020e for function 0x1e and device DISPLAY\SDC280F\4&14B0FD96&0&12345678&00&01.
montr_ci.dll:  DIF_DESTROYPRIVATEDATA
montr_ci.dll:  Returning 0xe000020e for function 0xc and device DISPLAY\SDC280F\4&14B0FD96&0&12345678&00&01.
dispci.dll:  ============BEGIN DisplayClassInstaller============
dispci.dll:  DisplayClassInstaller: Unrecognized DIF request 0x1d0035
dispci.dll:  ============END DisplayClassInstaller==============
montr_ci.dll:  MonitorClassInstaller: Unrecognized DIF request
montr_ci.dll:  Returning 0xe000020e for function 0x6.
dispci.dll:  ============BEGIN DisplayClassInstaller============
dispci.dll:  DisplayClassInstaller: Returning 0xe000020e for DIF 0xc
dispci.dll:  ============END DisplayClassInstaller==============
montr_ci.dll:  DIF_DESTROYPRIVATEDATA
montr_ci.dll:  Returning 0xe000020e for function 0xc.
2018-05-20 19:22:14, Info                  CBS    Trusted Installer signaled for shutdown, going to exit.
2018-05-20 19:22:14, Info                  CBS    Ending the TrustedInstaller main loop.
2018-05-20 19:22:14, Info                  CBS    Starting TrustedInstaller finalization.
2018-05-20 19:22:14, Info                  CBS    Failed to unload the COMPONENTS hive. [HRESULT = 0x80070057 - E_INVALIDARG]
2018-05-20 19:22:14, Info                  CBS    Ending TrustedInstaller finalization.
AudMig: No audio endpoint migration settings found 0x2
AudMig: No audio endpoint migration settings found 0x2
AudMig: No audio endpoint migration settings found 0x2
AudMig: No audio endpoint migration settings found 0x2
AudMig: No audio endpoint migration settings found 0x2
AudMig: No audio endpoint migration settings found 0x2
AudMig: No audio endpoint migration settings found 0x2
AudMig: No audio endpoint migration settings found 0x2
AudMig: No audio endpoint migration settings found 0x2
AudMig: No audio endpoint migration settings found 0x2
AudMig: No audio endpoint migration settings found 0x2
AudMig: No audio endpoint migration settings found 0x2
AudMig: No audio endpoint migration settings found 0x2
AudMig: No audio endpoint migration settings found 0x2
AudMig: No audio endpoint migration settings found 0x2
AudMig: No audio endpoint migration settings found 0x2
AudMig: No audio endpoint migration settings found 0x2
AudMig: No audio endpoint migration settings found 0x2
AudMig: No audio endpoint migration settings found 0x2
AudMig: No audio endpoint migration settings found 0x2
AudMig: No audio endpoint migration settings found 0x2
AudMig: No audio endpoint migration settings found 0x2
AudMig: No audio endpoint migration settings found 0x2
AudMig: No audio endpoint migration settings found 0x2
AudMig: No audio endpoint migration settings found 0x2
AudMig: No audio endpoint migration settings found 0x2
AudMig: No audio endpoint migration settings found 0x2
AudMig: No audio endpoint migration settings found 0x2
AudMig: No audio endpoint migration settings found 0x2
AudMig: No audio endpoint migration settings found 0x2
AudMig: No audio endpoint migration settings found 0x2
AudMig: No audio endpoint migration settings found 0x2
AudMig: No audio endpoint migration settings found 0x2
AudMig: No audio endpoint migration settings found 0x2
AudMig: No audio endpoint migration settings found 0x2
AudMig: No audio endpoint migration settings found 0x2
AudMig: No audio endpoint migration settings found 0x2
AudMig: No audio endpoint migration settings found 0x2
AudMig: No audio endpoint migration settings found 0x2
AudMig: No audio endpoint migration settings found 0x2
[06/19/2018 22:20.56.093] WudfCoInstaller: ReadWdfSection: Checking WdfSection [MTP.NT.Wdf]

[06/19/2018 22:20.56.146] WudfCoInstaller: Configuring UMDF Service WpdMtpDriver.

[06/19/2018 22:20.56.168] WudfCoInstaller: KernelModeClientPolicy set to 1

[06/19/2018 22:20.56.200] WudfCoInstaller: Using "Win7" service configuration

[06/19/2018 22:20.56.922] WudfCoInstaller: Service WudfSvc started successfully.

[06/19/2018 22:20.56.957] WudfCoInstaller: Final status: error(0) The operation completed successfully.


[06/19/2018 22:20.58.538] WudfCoInstaller: Created marker file C:\Windows\system32\drivers\Msft_User_WpdMtpDr_01_09_00.Wdf.

AudMig: No audio endpoint migration settings found 0x2
[06/26/2018 22:05.53.540] WudfCoInstaller: ReadWdfSection: Checking WdfSection [Basic_Install.Wdf]

[06/26/2018 22:05.53.556] WudfCoInstaller: Configuring UMDF Service WpdFs.

[06/26/2018 22:05.53.587] WudfCoInstaller: ImpersonationLevel set to 2

[06/26/2018 22:05.53.602] WudfCoInstaller: Using "Win7" service configuration

[06/26/2018 22:05.53.930] WudfCoInstaller: Service WudfSvc is already running.

[06/26/2018 22:05.53.946] WudfCoInstaller: Final status: error(0) The operation completed successfully.


[06/26/2018 22:05.54.960] WudfCoInstaller: Created marker file C:\Windows\system32\drivers\Msft_User_WpdFs_01_09_00.Wdf.

AudMig: No audio endpoint migration settings found 0x2
AudMig: No audio endpoint migration settings found 0x2
AudMig: No audio endpoint migration settings found 0x2
AudMig: No audio endpoint migration settings found 0x2
AudMig: No audio endpoint migration settings found 0x2
AudMig: No audio endpoint migration settings found 0x2
AudMig: No audio endpoint migration settings found 0x2
AudMig: No audio endpoint migration settings found 0x2
AudMig: No audio endpoint migration settings found 0x2
AudMig: No audio endpoint migration settings found 0x2
AudMig: No audio endpoint migration settings found 0x2
AudMig: No audio endpoint migration settings found 0x2
AudMig: No audio endpoint migration settings found 0x2
AudMig: No audio endpoint migration settings found 0x2
AudMig: No audio endpoint migration settings found 0x2
AudMig: No audio endpoint migration settings found 0x2
AudMig: No audio endpoint migration settings found 0x2
AudMig: No audio endpoint migration settings found 0x2
AudMig: No audio endpoint migration settings found 0x2
AudMig: No audio endpoint migration settings found 0x2
AudMig: No audio endpoint migration settings found 0x2
AudMig: No audio endpoint migration settings found 0x2
AudMig: No audio endpoint migration settings found 0x2
AudMig: No audio endpoint migration settings found 0x2
AudMig: No audio endpoint migration settings found 0x2
AudMig: No audio endpoint migration settings found 0x2
AudMig: No audio endpoint migration settings found 0x2
AudMig: No audio endpoint migration settings found 0x2
AudMig: No audio endpoint migration settings found 0x2
AudMig: No audio endpoint migration settings found 0x2
AudMig: No audio endpoint migration settings found 0x2
AudMig: No audio endpoint migration settings found 0x2
AudMig: No audio endpoint migration settings found 0x2
AudMig: No audio endpoint migration settings found 0x2
AudMig: No audio endpoint migration settings found 0x2
AudMig: No audio endpoint migration settings found 0x2
AudMig: No audio endpoint migration settings found 0x2
AudMig: No audio endpoint migration settings found 0x2
AudMig: No audio endpoint migration settings found 0x2
AudMig: No audio endpoint migration settings found 0x2
AudMig: No audio endpoint migration settings found 0x2
AudMig: No audio endpoint migration settings found 0x2
AudMig: No audio endpoint migration settings found 0x2
AudMig: No audio endpoint migration settings found 0x2
AudMig: No audio endpoint migration settings found 0x2
AudMig: No audio endpoint migration settings found 0x2
AudMig: No audio endpoint migration settings found 0x2
AudMig: No audio endpoint migration settings found 0x2
AudMig: No audio endpoint migration settings found 0x2
AudMig: No audio endpoint migration settings found 0x2
AudMig: No audio endpoint migration settings found 0x2
AudMig: No audio endpoint migration settings found 0x2
AudMig: No audio endpoint migration settings found 0x2
AudMig: No audio endpoint migration settings found 0x2
AudMig: No audio endpoint migration settings found 0x2
AudMig: No audio endpoint migration settings found 0x2
AudMig: No audio endpoint migration settings found 0x2
AudMig: No audio endpoint migration settings found 0x2
AudMig: No audio endpoint migration settings found 0x2
AudMig: No audio endpoint migration settings found 0x2
AudMig: No audio endpoint migration settings found 0x2
[07/25/2018 14:24.46.155] WudfCoInstaller: ReadWdfSection: Checking WdfSection [MTP.NT.Wdf]

[07/25/2018 14:24.46.205] WudfCoInstaller: UMDF Service WpdMtpDriver is already installed - removing existing settings in preparation for setting new ones.

[07/25/2018 14:24.46.230] WudfCoInstaller: Configuring UMDF Service WpdMtpDriver.

[07/25/2018 14:24.46.250] WudfCoInstaller: KernelModeClientPolicy set to 1

[07/25/2018 14:24.46.275] WudfCoInstaller: Using "Win7" service configuration

[07/25/2018 14:24.46.705] WudfCoInstaller: Service WudfSvc is already running.

[07/25/2018 14:24.46.725] WudfCoInstaller: Final status: error(0) The operation completed successfully.


[07/25/2018 14:25.12.254] WudfCoInstaller: Created marker file C:\Windows\system32\drivers\Msft_User_WpdMtpDr_01_09_00.Wdf.

AudMig: No audio endpoint migration settings found 0x2
AudMig: No audio endpoint migration settings found 0x2
AudMig: No audio endpoint migration settings found 0x2
AudMig: No audio endpoint migration settings found 0x2
AudMig: No audio endpoint migration settings found 0x2
AudMig: No audio endpoint migration settings found 0x2
AudMig: No audio endpoint migration settings found 0x2
AudMig: No audio endpoint migration settings found 0x2
AudMig: No audio endpoint migration settings found 0x2
AudMig: No audio endpoint migration settings found 0x2
AudMig: No audio endpoint migration settings found 0x2
AudMig: No audio endpoint migration settings found 0x2
AudMig: No audio endpoint migration settings found 0x2
AudMig: No audio endpoint migration settings found 0x2
AudMig: No audio endpoint migration settings found 0x2
AudMig: No audio endpoint migration settings found 0x2
AudMig: No audio endpoint migration settings found 0x2
AudMig: No audio endpoint migration settings found 0x2
[07/27/2018 21:08.48.833] WudfCoInstaller: ReadWdfSection: Checking WdfSection [MTP.NT.Wdf]

[07/27/2018 21:08.48.880] WudfCoInstaller: UMDF Service WpdMtpDriver is already installed - removing existing settings in preparation for setting new ones.

[07/27/2018 21:08.48.911] WudfCoInstaller: Configuring UMDF Service WpdMtpDriver.

[07/27/2018 21:08.48.943] WudfCoInstaller: KernelModeClientPolicy set to 1

[07/27/2018 21:08.48.958] WudfCoInstaller: Using "Win7" service configuration

[07/27/2018 21:08.49.348] WudfCoInstaller: Service WudfSvc is already running.

[07/27/2018 21:08.49.379] WudfCoInstaller: Final status: error(0) The operation completed successfully.


[07/27/2018 21:08.50.810] WudfCoInstaller: Created marker file C:\Windows\system32\drivers\Msft_User_WpdMtpDr_01_09_00.Wdf.

AudMig: No audio endpoint migration settings found 0x2
AudMig: No audio endpoint migration settings found 0x2
AudMig: No audio endpoint migration settings found 0x2
AudMig: No audio endpoint migration settings found 0x2
AudMig: No audio endpoint migration settings found 0x2
AudMig: No audio endpoint migration settings found 0x2
AudMig: No audio endpoint migration settings found 0x2
AudMig: No audio endpoint migration settings found 0x2
AudMig: No audio endpoint migration settings found 0x2
AudMig: No audio endpoint migration settings found 0x2
AudMig: No audio endpoint migration settings found 0x2
AudMig: No audio endpoint migration settings found 0x2
AudMig: No audio endpoint migration settings found 0x2
AudMig: No audio endpoint migration settings found 0x2
AudMig: No audio endpoint migration settings found 0x2
AudMig: No audio endpoint migration settings found 0x2
AudMig: No audio endpoint migration settings found 0x2
AudMig: No audio endpoint migration settings found 0x2
AudMig: No audio endpoint migration settings found 0x2
AudMig: No audio endpoint migration settings found 0x2
AudMig: No audio endpoint migration settings found 0x2
AudMig: No audio endpoint migration settings found 0x2
AudMig: No audio endpoint migration settings found 0x2
AudMig: No audio endpoint migration settings found 0x2
AudMig: No audio endpoint migration settings found 0x2
AudMig: No audio endpoint migration settings found 0x2
AudMig: No audio endpoint migration settings found 0x2
AudMig: No audio endpoint migration settings found 0x2
AudMig: No audio endpoint migration settings found 0x2
AudMig: No audio endpoint migration settings found 0x2
